#
# A fatal error has been detected by the Java Runtime Environment:
#
#  EXCEPTION_ACCESS_VIOLATION (0xc0000005) at pc=0x54631000, pid=5200, tid=0x000012a0
#
# JRE version: OpenJDK Runtime Environment (8.0_112) (build 1.8.0_112-release-736)
# Java VM: OpenJDK Server VM (25.112-b736 mixed mode windows-x86 )
# Problematic frame:
# C  0x54631000
#
# Failed to write core dump. Minidumps are not enabled by default on client versions of Windows
#
# If you would like to submit a bug report, please visit:
#   http://bugreport.java.com/bugreport/crash.jsp
# The crash happened outside the Java Virtual Machine in native code.
# See problematic frame for where to report the bug.
#

---------------  T H R E A D  ---------------

Current thread (0x550b9400):  JavaThread "Task worker Thread 2" [_thread_in_native, id=4768, stack(0x56550000,0x565a0000)]

siginfo: ExceptionCode=0xc0000005, ExceptionInformation=0x00000008 0x54631000

Registers:
EAX=0x00000004, EBX=0x550b9530, ECX=0x00000000, EDX=0x5462d33c
ESP=0x5659dee8, EBP=0x5659df18, ESI=0x5659df38, EDI=0x576450c8
EIP=0x54631000, EFLAGS=0x00010216

Top of Stack: (sp=0x5659dee8)
0x5659dee8:   5659dfc8 00000000 594aa9d4 594aaa9c
0x5659def8:   54653cd8 00000000 00000002 583e982c
0x5659df08:   5b851f60 5b851f60 5659df44 5659df50
0x5659df18:   5659df78 6396669d 546310a8 583e9438
0x5659df28:   583e9440 583e982c 000003ec 01b6c3c2
0x5659df38:   00000000 00000000 00000000 5659df6c
0x5659df48:   590dfe30 550b9400 00000006 00000008
0x5659df58:   550b9400 5b851f58 5b851f60 5b851f60 

Instructions: (pc=0x54631000)
0x54630fe0:   f0 2a 23 49 2f 73 00 88 0b 00 01 00 fa 2c 00 6e
0x54630ff0:   70 72 6f 63 65 73 73 54 61 73 6b 00 00 00 00 00
0x54631000:   0c 29 23 49 00 05 00 88 0a 00 01 00 49 b8 ae 77
0x54631010:   63 68 69 6c 64 4c 65 61 73 65 65 00 00 72 79 00 


Register to memory mapping:

EAX=0x00000004 is an unknown value
EBX=0x550b9530 is an unknown value
ECX=0x00000000 is an unknown value
EDX=0x5462d33c is an unknown value
ESP=0x5659dee8 is pointing into the stack for thread: 0x550b9400
EBP=0x5659df18 is pointing into the stack for thread: 0x550b9400
ESI=0x5659df38 is pointing into the stack for thread: 0x550b9400
EDI=0x576450c8 is an unknown value


Stack: [0x56550000,0x565a0000],  sp=0x5659dee8,  free space=311k
Native frames: (J=compiled Java code, j=interpreted, Vv=VM code, C=native code)
C  0x54631000
C  [libaapt2_jni.dll+0x2669d]
j  com.android.tools.aapt2.Aapt2Jni.nativeCompile(Ljava/util/List;Lcom/android/tools/aapt2/Aapt2JniLogCallback;)I+0
j  com.android.tools.aapt2.Aapt2Jni.compile(Ljava/util/List;)Lcom/android/tools/aapt2/Aapt2Result;+6
j  com.android.builder.internal.aapt.v2.AaptV2Jni.lambda$compile$0(Lcom/android/ide/common/res2/CompileResourceRequest;)Ljava/io/File;+6
j  com.android.builder.internal.aapt.v2.AaptV2Jni$$Lambda$251.call()Ljava/lang/Object;+8
j  java.util.concurrent.ForkJoinTask$AdaptedCallable.exec()Z+5
j  java.util.concurrent.ForkJoinTask.doExec()I+10
j  java.util.concurrent.ForkJoinTask.externalInterruptibleAwaitDone()I+55
j  java.util.concurrent.ForkJoinTask.get()Ljava/lang/Object;+17
j  com.android.ide.common.res2.MergedResourceWriter.postWriteAction()V+635
j  com.android.ide.common.res2.MergeWriter.end()V+1
j  com.android.ide.common.res2.MergedResourceWriter.end()V+1
j  com.android.ide.common.res2.DataMerger.mergeData(Lcom/android/ide/common/res2/MergeConsumer;Z)V+575
j  com.android.ide.common.res2.ResourceMerger.mergeData(Lcom/android/ide/common/res2/MergeConsumer;Z)V+7
j  com.android.build.gradle.tasks.MergeResources.doFullTaskAction()V+200
j  com.android.build.gradle.internal.tasks.IncrementalTask.taskAction(Lorg/gradle/api/tasks/incremental/IncrementalTaskInputs;)V+38
v  ~StubRoutines::call_stub
V  [jvm.dll+0x151a25]
V  [jvm.dll+0x21ce4e]
V  [jvm.dll+0x151abe]
V  [jvm.dll+0x15dde8]
V  [jvm.dll+0x15e053]
V  [jvm.dll+0xf4053]
C  [java.dll+0x3b26]
J 1449 C1 sun.reflect.NativeMethodAccessorImpl.invoke(Ljava/lang/Object;[Ljava/lang/Object;)Ljava/lang/Object; (104 bytes) @ 0x01f45814 [0x01f449e0+0xe34]
J 6367 C2 java.lang.reflect.Method.invoke(Ljava/lang/Object;[Ljava/lang/Object;)Ljava/lang/Object; (62 bytes) @ 0x02c5f378 [0x02c5f320+0x58]
J 4472 C1 org.gradle.internal.reflect.JavaMethod.invoke(Ljava/lang/Object;[Ljava/lang/Object;)Ljava/lang/Object; (74 bytes) @ 0x027456fc [0x02745600+0xfc]
j  org.gradle.api.internal.project.taskfactory.DefaultTaskClassInfoStore$IncrementalTaskAction.doExecute(Lorg/gradle/api/Task;Ljava/lang/String;)V+35
j  org.gradle.api.internal.project.taskfactory.DefaultTaskClassInfoStore$StandardTaskAction.execute(Lorg/gradle/api/Task;)V+32
j  org.gradle.api.internal.project.taskfactory.DefaultTaskClassInfoStore$StandardTaskAction.execute(Ljava/lang/Object;)V+5
j  org.gradle.api.internal.tasks.execution.ExecuteActionsTaskExecuter$1.run(Lorg/gradle/internal/operations/BuildOperationContext;)V+23
J 7292 C1 org.gradle.internal.progress.DefaultBuildOperationExecutor$RunnableBuildOperationWorker.execute(Lorg/gradle/internal/operations/BuildOperation;Lorg/gradle/internal/operations/BuildOperationContext;)V (10 bytes) @ 0x0254abfc [0x0254aa00+0x1fc]
J 7742 C1 org.gradle.internal.progress.DefaultBuildOperationExecutor.execute(Lorg/gradle/internal/operations/BuildOperation;Lorg/gradle/internal/operations/BuildOperationWorker;Lorg/gradle/internal/progress/DefaultBuildOperationExecutor$DefaultBuildOperationState;)V (416 bytes) @ 0x02dcf65c [0x02dcd6c0+0x1f9c]
j  org.gradle.internal.progress.DefaultBuildOperationExecutor.run(Lorg/gradle/internal/operations/RunnableBuildOperation;)V+20
j  org.gradle.api.internal.tasks.execution.ExecuteActionsTaskExecuter.executeAction(Ljava/lang/String;Lorg/gradle/api/internal/TaskInternal;Lorg/gradle/api/internal/tasks/ContextAwareTaskAction;Lorg/gradle/api/internal/tasks/TaskExecutionContext;)V+23
j  org.gradle.api.internal.tasks.execution.ExecuteActionsTaskExecuter.executeActions(Lorg/gradle/api/internal/TaskInternal;Lorg/gradle/api/internal/tasks/TaskStateInternal;Lorg/gradle/api/internal/tasks/TaskExecutionContext;)Lorg/gradle/api/GradleException;+131
j  org.gradle.api.internal.tasks.execution.ExecuteActionsTaskExecuter.execute(Lorg/gradle/api/internal/TaskInternal;Lorg/gradle/api/internal/tasks/TaskStateInternal;Lorg/gradle/api/internal/tasks/TaskExecutionContext;)V+42
j  org.gradle.api.internal.tasks.execution.SkipUpToDateTaskExecuter.execute(Lorg/gradle/api/internal/TaskInternal;Lorg/gradle/api/internal/tasks/TaskStateInternal;Lorg/gradle/api/internal/tasks/TaskExecutionContext;)V+131
j  org.gradle.api.internal.tasks.execution.ResolveTaskOutputCachingStateExecuter.execute(Lorg/gradle/api/internal/TaskInternal;Lorg/gradle/api/internal/tasks/TaskStateInternal;Lorg/gradle/api/internal/tasks/TaskExecutionContext;)V+96
j  org.gradle.api.internal.tasks.execution.ValidatingTaskExecuter.execute(Lorg/gradle/api/internal/TaskInternal;Lorg/gradle/api/internal/tasks/TaskStateInternal;Lorg/gradle/api/internal/tasks/TaskExecutionContext;)V+215
j  org.gradle.api.internal.tasks.execution.SkipEmptySourceFilesTaskExecuter.execute(Lorg/gradle/api/internal/TaskInternal;Lorg/gradle/api/internal/tasks/TaskStateInternal;Lorg/gradle/api/internal/tasks/TaskExecutionContext;)V+335
j  org.gradle.api.internal.tasks.execution.ResolveTaskArtifactStateTaskExecuter.execute(Lorg/gradle/api/internal/TaskInternal;Lorg/gradle/api/internal/tasks/TaskStateInternal;Lorg/gradle/api/internal/tasks/TaskExecutionContext;)V+72
j  org.gradle.api.internal.tasks.execution.SkipTaskWithNoActionsExecuter.execute(Lorg/gradle/api/internal/TaskInternal;Lorg/gradle/api/internal/tasks/TaskStateInternal;Lorg/gradle/api/internal/tasks/TaskExecutionContext;)V+124
j  org.gradle.api.internal.tasks.execution.SkipOnlyIfTaskExecuter.execute(Lorg/gradle/api/internal/TaskInternal;Lorg/gradle/api/internal/tasks/TaskStateInternal;Lorg/gradle/api/internal/tasks/TaskExecutionContext;)V+85
j  org.gradle.api.internal.tasks.execution.ExecuteAtMostOnceTaskExecuter.execute(Lorg/gradle/api/internal/TaskInternal;Lorg/gradle/api/internal/tasks/TaskStateInternal;Lorg/gradle/api/internal/tasks/TaskExecutionContext;)V+26
j  org.gradle.api.internal.tasks.execution.CatchExceptionTaskExecuter.execute(Lorg/gradle/api/internal/TaskInternal;Lorg/gradle/api/internal/tasks/TaskStateInternal;Lorg/gradle/api/internal/tasks/TaskExecutionContext;)V+7
j  org.gradle.execution.taskgraph.DefaultTaskGraphExecuter$EventFiringTaskWorker$1.run(Lorg/gradle/internal/operations/BuildOperationContext;)V+56
J 7292 C1 org.gradle.internal.progress.DefaultBuildOperationExecutor$RunnableBuildOperationWorker.execute(Lorg/gradle/internal/operations/BuildOperation;Lorg/gradle/internal/operations/BuildOperationContext;)V (10 bytes) @ 0x0254abfc [0x0254aa00+0x1fc]
J 7742 C1 org.gradle.internal.progress.DefaultBuildOperationExecutor.execute(Lorg/gradle/internal/operations/BuildOperation;Lorg/gradle/internal/operations/BuildOperationWorker;Lorg/gradle/internal/progress/DefaultBuildOperationExecutor$DefaultBuildOperationState;)V (416 bytes) @ 0x02dcf65c [0x02dcd6c0+0x1f9c]
j  org.gradle.internal.progress.DefaultBuildOperationExecutor.run(Lorg/gradle/internal/operations/RunnableBuildOperation;)V+20
j  org.gradle.execution.taskgraph.DefaultTaskGraphExecuter$EventFiringTaskWorker.execute(Lorg/gradle/api/internal/TaskInternal;)V+16
j  org.gradle.execution.taskgraph.DefaultTaskGraphExecuter$EventFiringTaskWorker.execute(Ljava/lang/Object;)V+5
j  org.gradle.execution.taskgraph.DefaultTaskPlanExecutor$TaskExecutorWorker.processTask(Lorg/gradle/execution/taskgraph/TaskInfo;)V+8
j  org.gradle.execution.taskgraph.DefaultTaskPlanExecutor$TaskExecutorWorker.access$200(Lorg/gradle/execution/taskgraph/DefaultTaskPlanExecutor$TaskExecutorWorker;Lorg/gradle/execution/taskgraph/TaskInfo;)V+2
j  org.gradle.execution.taskgraph.DefaultTaskPlanExecutor$TaskExecutorWorker$1.execute(Lorg/gradle/execution/taskgraph/TaskInfo;)V+38
j  org.gradle.execution.taskgraph.DefaultTaskPlanExecutor$TaskExecutorWorker$1.execute(Ljava/lang/Object;)V+5
j  org.gradle.execution.taskgraph.DefaultTaskExecutionPlan.execute(Lorg/gradle/execution/taskgraph/TaskInfo;Lorg/gradle/internal/work/WorkerLeaseRegistry$WorkerLease;Lorg/gradle/api/Action;)V+14
j  org.gradle.execution.taskgraph.DefaultTaskExecutionPlan.executeWithTask(Lorg/gradle/internal/work/WorkerLeaseRegistry$WorkerLease;Lorg/gradle/api/Action;)Z+53
j  org.gradle.execution.taskgraph.DefaultTaskPlanExecutor$TaskExecutorWorker.run()V+52
J 6765 C1 org.gradle.internal.concurrent.ExecutorPolicy$CatchAndRecordFailures.onExecute(Ljava/lang/Runnable;)V (29 bytes) @ 0x0266e9c8 [0x0266e8e0+0xe8]
j  org.gradle.internal.concurrent.StoppableExecutorImpl$1.run()V+25
j  java.util.concurrent.ThreadPoolExecutor.runWorker(Ljava/util/concurrent/ThreadPoolExecutor$Worker;)V+95
j  java.util.concurrent.ThreadPoolExecutor$Worker.run()V+5
j  org.gradle.internal.concurrent.ThreadFactoryImpl$ManagedThreadRunnable.run()V+7
j  java.lang.Thread.run()V+11
v  ~StubRoutines::call_stub
V  [jvm.dll+0x151a25]
V  [jvm.dll+0x21ce4e]
V  [jvm.dll+0x151abe]
V  [jvm.dll+0x151c46]
V  [jvm.dll+0x151cb7]
V  [jvm.dll+0xef35f]
V  [jvm.dll+0x175bf0]
V  [jvm.dll+0x17643b]
V  [jvm.dll+0x1b5446]
C  [msvcr100.dll+0x5c556]
C  [msvcr100.dll+0x5c600]
C  [kernel32.dll+0x4ef8c]
C  [ntdll.dll+0x6367a]
C  [ntdll.dll+0x6364d]
C  0x00000000

Java frames: (J=compiled Java code, j=interpreted, Vv=VM code)
j  com.android.tools.aapt2.Aapt2Jni.nativeCompile(Ljava/util/List;Lcom/android/tools/aapt2/Aapt2JniLogCallback;)I+0
j  com.android.tools.aapt2.Aapt2Jni.compile(Ljava/util/List;)Lcom/android/tools/aapt2/Aapt2Result;+6
j  com.android.builder.internal.aapt.v2.AaptV2Jni.lambda$compile$0(Lcom/android/ide/common/res2/CompileResourceRequest;)Ljava/io/File;+6
j  com.android.builder.internal.aapt.v2.AaptV2Jni$$Lambda$251.call()Ljava/lang/Object;+8
j  java.util.concurrent.ForkJoinTask$AdaptedCallable.exec()Z+5
j  java.util.concurrent.ForkJoinTask.doExec()I+10
j  java.util.concurrent.ForkJoinTask.externalInterruptibleAwaitDone()I+55
j  java.util.concurrent.ForkJoinTask.get()Ljava/lang/Object;+17
j  com.android.ide.common.res2.MergedResourceWriter.postWriteAction()V+635
j  com.android.ide.common.res2.MergeWriter.end()V+1
j  com.android.ide.common.res2.MergedResourceWriter.end()V+1
j  com.android.ide.common.res2.DataMerger.mergeData(Lcom/android/ide/common/res2/MergeConsumer;Z)V+575
j  com.android.ide.common.res2.ResourceMerger.mergeData(Lcom/android/ide/common/res2/MergeConsumer;Z)V+7
j  com.android.build.gradle.tasks.MergeResources.doFullTaskAction()V+200
j  com.android.build.gradle.internal.tasks.IncrementalTask.taskAction(Lorg/gradle/api/tasks/incremental/IncrementalTaskInputs;)V+38
v  ~StubRoutines::call_stub
J 1450  sun.reflect.NativeMethodAccessorImpl.invoke0(Ljava/lang/reflect/Method;Ljava/lang/Object;[Ljava/lang/Object;)Ljava/lang/Object; (0 bytes) @ 0x01f0f75d [0x01f0f6e0+0x7d]
J 1449 C1 sun.reflect.NativeMethodAccessorImpl.invoke(Ljava/lang/Object;[Ljava/lang/Object;)Ljava/lang/Object; (104 bytes) @ 0x01f45814 [0x01f449e0+0xe34]
J 6367 C2 java.lang.reflect.Method.invoke(Ljava/lang/Object;[Ljava/lang/Object;)Ljava/lang/Object; (62 bytes) @ 0x02c5f378 [0x02c5f320+0x58]
J 4472 C1 org.gradle.internal.reflect.JavaMethod.invoke(Ljava/lang/Object;[Ljava/lang/Object;)Ljava/lang/Object; (74 bytes) @ 0x027456fc [0x02745600+0xfc]
j  org.gradle.api.internal.project.taskfactory.DefaultTaskClassInfoStore$IncrementalTaskAction.doExecute(Lorg/gradle/api/Task;Ljava/lang/String;)V+35
j  org.gradle.api.internal.project.taskfactory.DefaultTaskClassInfoStore$StandardTaskAction.execute(Lorg/gradle/api/Task;)V+32
j  org.gradle.api.internal.project.taskfactory.DefaultTaskClassInfoStore$StandardTaskAction.execute(Ljava/lang/Object;)V+5
j  org.gradle.api.internal.tasks.execution.ExecuteActionsTaskExecuter$1.run(Lorg/gradle/internal/operations/BuildOperationContext;)V+23
J 7292 C1 org.gradle.internal.progress.DefaultBuildOperationExecutor$RunnableBuildOperationWorker.execute(Lorg/gradle/internal/operations/BuildOperation;Lorg/gradle/internal/operations/BuildOperationContext;)V (10 bytes) @ 0x0254abfc [0x0254aa00+0x1fc]
J 7742 C1 org.gradle.internal.progress.DefaultBuildOperationExecutor.execute(Lorg/gradle/internal/operations/BuildOperation;Lorg/gradle/internal/operations/BuildOperationWorker;Lorg/gradle/internal/progress/DefaultBuildOperationExecutor$DefaultBuildOperationState;)V (416 bytes) @ 0x02dcf65c [0x02dcd6c0+0x1f9c]
j  org.gradle.internal.progress.DefaultBuildOperationExecutor.run(Lorg/gradle/internal/operations/RunnableBuildOperation;)V+20
j  org.gradle.api.internal.tasks.execution.ExecuteActionsTaskExecuter.executeAction(Ljava/lang/String;Lorg/gradle/api/internal/TaskInternal;Lorg/gradle/api/internal/tasks/ContextAwareTaskAction;Lorg/gradle/api/internal/tasks/TaskExecutionContext;)V+23
j  org.gradle.api.internal.tasks.execution.ExecuteActionsTaskExecuter.executeActions(Lorg/gradle/api/internal/TaskInternal;Lorg/gradle/api/internal/tasks/TaskStateInternal;Lorg/gradle/api/internal/tasks/TaskExecutionContext;)Lorg/gradle/api/GradleException;+131
j  org.gradle.api.internal.tasks.execution.ExecuteActionsTaskExecuter.execute(Lorg/gradle/api/internal/TaskInternal;Lorg/gradle/api/internal/tasks/TaskStateInternal;Lorg/gradle/api/internal/tasks/TaskExecutionContext;)V+42
j  org.gradle.api.internal.tasks.execution.SkipUpToDateTaskExecuter.execute(Lorg/gradle/api/internal/TaskInternal;Lorg/gradle/api/internal/tasks/TaskStateInternal;Lorg/gradle/api/internal/tasks/TaskExecutionContext;)V+131
j  org.gradle.api.internal.tasks.execution.ResolveTaskOutputCachingStateExecuter.execute(Lorg/gradle/api/internal/TaskInternal;Lorg/gradle/api/internal/tasks/TaskStateInternal;Lorg/gradle/api/internal/tasks/TaskExecutionContext;)V+96
j  org.gradle.api.internal.tasks.execution.ValidatingTaskExecuter.execute(Lorg/gradle/api/internal/TaskInternal;Lorg/gradle/api/internal/tasks/TaskStateInternal;Lorg/gradle/api/internal/tasks/TaskExecutionContext;)V+215
j  org.gradle.api.internal.tasks.execution.SkipEmptySourceFilesTaskExecuter.execute(Lorg/gradle/api/internal/TaskInternal;Lorg/gradle/api/internal/tasks/TaskStateInternal;Lorg/gradle/api/internal/tasks/TaskExecutionContext;)V+335
j  org.gradle.api.internal.tasks.execution.ResolveTaskArtifactStateTaskExecuter.execute(Lorg/gradle/api/internal/TaskInternal;Lorg/gradle/api/internal/tasks/TaskStateInternal;Lorg/gradle/api/internal/tasks/TaskExecutionContext;)V+72
j  org.gradle.api.internal.tasks.execution.SkipTaskWithNoActionsExecuter.execute(Lorg/gradle/api/internal/TaskInternal;Lorg/gradle/api/internal/tasks/TaskStateInternal;Lorg/gradle/api/internal/tasks/TaskExecutionContext;)V+124
j  org.gradle.api.internal.tasks.execution.SkipOnlyIfTaskExecuter.execute(Lorg/gradle/api/internal/TaskInternal;Lorg/gradle/api/internal/tasks/TaskStateInternal;Lorg/gradle/api/internal/tasks/TaskExecutionContext;)V+85
j  org.gradle.api.internal.tasks.execution.ExecuteAtMostOnceTaskExecuter.execute(Lorg/gradle/api/internal/TaskInternal;Lorg/gradle/api/internal/tasks/TaskStateInternal;Lorg/gradle/api/internal/tasks/TaskExecutionContext;)V+26
j  org.gradle.api.internal.tasks.execution.CatchExceptionTaskExecuter.execute(Lorg/gradle/api/internal/TaskInternal;Lorg/gradle/api/internal/tasks/TaskStateInternal;Lorg/gradle/api/internal/tasks/TaskExecutionContext;)V+7
j  org.gradle.execution.taskgraph.DefaultTaskGraphExecuter$EventFiringTaskWorker$1.run(Lorg/gradle/internal/operations/BuildOperationContext;)V+56
J 7292 C1 org.gradle.internal.progress.DefaultBuildOperationExecutor$RunnableBuildOperationWorker.execute(Lorg/gradle/internal/operations/BuildOperation;Lorg/gradle/internal/operations/BuildOperationContext;)V (10 bytes) @ 0x0254abfc [0x0254aa00+0x1fc]
J 7742 C1 org.gradle.internal.progress.DefaultBuildOperationExecutor.execute(Lorg/gradle/internal/operations/BuildOperation;Lorg/gradle/internal/operations/BuildOperationWorker;Lorg/gradle/internal/progress/DefaultBuildOperationExecutor$DefaultBuildOperationState;)V (416 bytes) @ 0x02dcf65c [0x02dcd6c0+0x1f9c]
j  org.gradle.internal.progress.DefaultBuildOperationExecutor.run(Lorg/gradle/internal/operations/RunnableBuildOperation;)V+20
j  org.gradle.execution.taskgraph.DefaultTaskGraphExecuter$EventFiringTaskWorker.execute(Lorg/gradle/api/internal/TaskInternal;)V+16
j  org.gradle.execution.taskgraph.DefaultTaskGraphExecuter$EventFiringTaskWorker.execute(Ljava/lang/Object;)V+5
j  org.gradle.execution.taskgraph.DefaultTaskPlanExecutor$TaskExecutorWorker.processTask(Lorg/gradle/execution/taskgraph/TaskInfo;)V+8
j  org.gradle.execution.taskgraph.DefaultTaskPlanExecutor$TaskExecutorWorker.access$200(Lorg/gradle/execution/taskgraph/DefaultTaskPlanExecutor$TaskExecutorWorker;Lorg/gradle/execution/taskgraph/TaskInfo;)V+2
j  org.gradle.execution.taskgraph.DefaultTaskPlanExecutor$TaskExecutorWorker$1.execute(Lorg/gradle/execution/taskgraph/TaskInfo;)V+38
j  org.gradle.execution.taskgraph.DefaultTaskPlanExecutor$TaskExecutorWorker$1.execute(Ljava/lang/Object;)V+5
j  org.gradle.execution.taskgraph.DefaultTaskExecutionPlan.execute(Lorg/gradle/execution/taskgraph/TaskInfo;Lorg/gradle/internal/work/WorkerLeaseRegistry$WorkerLease;Lorg/gradle/api/Action;)V+14
j  org.gradle.execution.taskgraph.DefaultTaskExecutionPlan.executeWithTask(Lorg/gradle/internal/work/WorkerLeaseRegistry$WorkerLease;Lorg/gradle/api/Action;)Z+53
j  org.gradle.execution.taskgraph.DefaultTaskPlanExecutor$TaskExecutorWorker.run()V+52
J 6765 C1 org.gradle.internal.concurrent.ExecutorPolicy$CatchAndRecordFailures.onExecute(Ljava/lang/Runnable;)V (29 bytes) @ 0x0266e9c8 [0x0266e8e0+0xe8]
j  org.gradle.internal.concurrent.StoppableExecutorImpl$1.run()V+25
j  java.util.concurrent.ThreadPoolExecutor.runWorker(Ljava/util/concurrent/ThreadPoolExecutor$Worker;)V+95
j  java.util.concurrent.ThreadPoolExecutor$Worker.run()V+5
j  org.gradle.internal.concurrent.ThreadFactoryImpl$ManagedThreadRunnable.run()V+7
j  java.lang.Thread.run()V+11
v  ~StubRoutines::call_stub

---------------  P R O C E S S  ---------------

Java Threads: ( => current thread )
  0x550ba000 JavaThread "ForkJoinPool.commonPool-worker-1" daemon [_thread_blocked, id=3336, stack(0x5a7b0000,0x5a800000)]
  0x550b9c00 JavaThread "Task worker Thread 3" [_thread_blocked, id=5692, stack(0x56500000,0x56550000)]
=>0x550b9400 JavaThread "Task worker Thread 2" [_thread_in_native, id=4768, stack(0x56550000,0x565a0000)]
  0x550b9000 JavaThread "Task worker" [_thread_blocked, id=5088, stack(0x5b780000,0x5b7d0000)]
  0x550b8800 JavaThread "Cache worker for task history cache (E:\wo_github\.gradle\4.0-rc-1\taskHistory)" [_thread_blocked, id=5172, stack(0x5a760000,0x5a7b0000)]
  0x550b8000 JavaThread "build operations Thread 4" [_thread_blocked, id=5784, stack(0x56440000,0x56490000)]
  0x550b7c00 JavaThread "build operations Thread 3" [_thread_blocked, id=1676, stack(0x5b4c0000,0x5b510000)]
  0x550b3c00 JavaThread "build operations Thread 2" [_thread_blocked, id=5096, stack(0x5a3d0000,0x5a420000)]
  0x550b7400 JavaThread "build operations" [_thread_blocked, id=4956, stack(0x59c10000,0x59c60000)]
  0x550b6800 JavaThread "Cache worker for Artifact transforms cache (C:\Users\Administrator\.gradle\caches\transforms-1)" [_thread_blocked, id=5048, stack(0x5a1e0000,0x5a230000)]
  0x550b5400 JavaThread "Cache worker for file hash cache (E:\wo_github\.gradle\4.0-rc-1\fileHashes)" [_thread_blocked, id=272, stack(0x59b80000,0x59bd0000)]
  0x550b5c00 JavaThread "Stdin handler" [_thread_blocked, id=5184, stack(0x56280000,0x562d0000)]
  0x550b6400 JavaThread "Asynchronous log dispatcher for DefaultDaemonConnection: socket connection from /127.0.0.1:53086 to /127.0.0.1:53106" [_thread_blocked, id=2816, stack(0x56860000,0x568b0000)]
  0x550b4800 JavaThread "Cancel handler" [_thread_blocked, id=1248, stack(0x56750000,0x567a0000)]
  0x550b3800 JavaThread "Handler for socket connection from /127.0.0.1:53086 to /127.0.0.1:53106" [_thread_in_native, id=4812, stack(0x59000000,0x59050000)]
  0x550b7000 JavaThread "Memory manager" [_thread_blocked, id=3100, stack(0x5a260000,0x5a2b0000)]
  0x554e4800 JavaThread "File lock request listener" [_thread_in_native, id=5372, stack(0x568c0000,0x56910000)]
  0x556dac00 JavaThread "Cache worker for file hash cache (C:\Users\Administrator\.gradle\caches\4.0-rc-1\fileHashes)" [_thread_blocked, id=4824, stack(0x567d0000,0x56820000)]
  0x55184400 JavaThread "Daemon worker" [_thread_blocked, id=4132, stack(0x56210000,0x56260000)]
  0x553e1400 JavaThread "Daemon" [_thread_blocked, id=3736, stack(0x54d70000,0x54dc0000)]
  0x553ec400 JavaThread "Daemon periodic checks" [_thread_blocked, id=5868, stack(0x562d0000,0x56320000)]
  0x553d2c00 JavaThread "Incoming local TCP Connector on port 53086" [_thread_in_native, id=3856, stack(0x10f50000,0x10fa0000)]
  0x53f9b800 JavaThread "Service Thread" daemon [_thread_blocked, id=3528, stack(0x54120000,0x54170000)]
  0x53f34c00 JavaThread "C1 CompilerThread2" daemon [_thread_blocked, id=5000, stack(0x53cb0000,0x53d00000)]
  0x53f2a400 JavaThread "C2 CompilerThread1" daemon [_thread_blocked, id=3140, stack(0x10fb0000,0x11000000)]
  0x53f25c00 JavaThread "C2 CompilerThread0" daemon [_thread_blocked, id=3580, stack(0x00bd0000,0x00c20000)]
  0x53f20800 JavaThread "Attach Listener" daemon [_thread_blocked, id=5712, stack(0x53ff0000,0x54040000)]
  0x53f1fc00 JavaThread "Signal Dispatcher" daemon [_thread_blocked, id=3636, stack(0x53fa0000,0x53ff0000)]
  0x53f03400 JavaThread "Finalizer" daemon [_thread_blocked, id=4496, stack(0x53c50000,0x53ca0000)]
  0x53ede800 JavaThread "Reference Handler" daemon [_thread_blocked, id=4320, stack(0x53d10000,0x53d60000)]
  0x00c2bc00 JavaThread "main" [_thread_blocked, id=5700, stack(0x00300000,0x00350000)]

Other Threads:
  0x53ed8c00 VMThread [stack: 0x01a10000,0x01a60000] [id=3476]
  0x53f9bc00 WatcherThread [stack: 0x54050000,0x540a0000] [id=5560]

VM state:not at safepoint (normal execution)

VM Mutex/Monitor currently owned by a thread: None

Heap:
 PSYoungGen      total 232704K, used 211844K [0x3bac0000, 0x4be40000, 0x51000000)
  eden space 217600K, 96% used [0x3bac0000,0x488262c0,0x48f40000)
  from space 15104K, 10% used [0x4a500000,0x4a67af60,0x4b3c0000)
  to   space 22272K, 0% used [0x48f40000,0x48f40000,0x4a500000)
 ParOldGen       total 77312K, used 41867K [0x11000000, 0x15b80000, 0x3bac0000)
  object space 77312K, 54% used [0x11000000,0x138e2c28,0x15b80000)
 Metaspace       used 43765K, capacity 44959K, committed 45056K, reserved 45440K

Card table byte_map: [0x51000000,0x51210000] byte_map_base: 0x50f78000

Marking Bits: (ParMarkBitMap*) 0x595df028
 Begin Bits: [0x51370000, 0x52370000)
 End Bits:   [0x52370000, 0x53370000)

Polling page: 0x00190000

CodeCache: size=245760Kb used=23063Kb max_used=23340Kb free=222696Kb
 bounds [0x01b20000, 0x03208000, 0x10b20000]
 total_blobs=8788 nmethods=8306 adapters=395
 compilation: enabled

Compilation events (10 events):
Event: 37.144 Thread 0x53f34c00 9759   !   3       sun.nio.ch.FileChannelImpl::write (240 bytes)
Event: 37.145 Thread 0x53f34c00 nmethod 9759 0x02dff008 code [0x02dff220, 0x02dffe04]
Event: 37.146 Thread 0x53f34c00 9760       3       sun.nio.ch.FileDispatcherImpl::write (12 bytes)
Event: 37.146 Thread 0x53f34c00 nmethod 9760 0x031fdd48 code [0x031fde60, 0x031fdf6c]
Event: 37.264 Thread 0x53f34c00 9763       3       java.lang.invoke.InfoFromMemberName::getMethodType (8 bytes)
Event: 37.265 Thread 0x53f34c00 nmethod 9763 0x02210c88 code [0x02210da0, 0x02210f0c]
Event: 37.266 Thread 0x53f34c00 9764       3       jdk.internal.org.objectweb.asm.MethodVisitor::visitEnd (15 bytes)
Event: 37.267 Thread 0x53f34c00 nmethod 9764 0x01f6c8c8 code [0x01f6c9e0, 0x01f6cb6c]
Event: 37.268 Thread 0x53f34c00 9765       3       jdk.internal.org.objectweb.asm.ClassWriter::visitEnd (1 bytes)
Event: 37.268 Thread 0x53f34c00 nmethod 9765 0x025c3408 code [0x025c3500, 0x025c35c0]

GC Heap History (10 events):
Event: 12.180 GC heap before
{Heap before GC invocations=11 (full 1):
 PSYoungGen      total 118528K, used 49657K [0x3bac0000, 0x46b80000, 0x51000000)
  eden space 109056K, 36% used [0x3bac0000,0x3e1ffc58,0x42540000)
  from space 9472K, 99% used [0x42540000,0x42e7e8b8,0x42e80000)
  to   space 11776K, 0% used [0x46000000,0x46000000,0x46b80000)
 ParOldGen       total 30720K, used 13301K [0x11000000, 0x12e00000, 0x3bac0000)
  object space 30720K, 43% used [0x11000000,0x11cfd540,0x12e00000)
 Metaspace       used 26832K, capacity 27288K, committed 27308K, reserved 28032K
Event: 12.189 GC heap after
Heap after GC invocations=11 (full 1):
 PSYoungGen      total 169472K, used 6425K [0x3bac0000, 0x47040000, 0x51000000)
  eden space 157696K, 0% used [0x3bac0000,0x3bac0000,0x454c0000)
  from space 11776K, 54% used [0x46000000,0x466464d0,0x46b80000)
  to   space 11520K, 0% used [0x454c0000,0x454c0000,0x46000000)
 ParOldGen       total 30720K, used 16374K [0x11000000, 0x12e00000, 0x3bac0000)
  object space 30720K, 53% used [0x11000000,0x11ffd9c0,0x12e00000)
 Metaspace       used 26832K, capacity 27288K, committed 27308K, reserved 28032K
}
Event: 12.189 GC heap before
{Heap before GC invocations=12 (full 2):
 PSYoungGen      total 169472K, used 6425K [0x3bac0000, 0x47040000, 0x51000000)
  eden space 157696K, 0% used [0x3bac0000,0x3bac0000,0x454c0000)
  from space 11776K, 54% used [0x46000000,0x466464d0,0x46b80000)
  to   space 11520K, 0% used [0x454c0000,0x454c0000,0x46000000)
 ParOldGen       total 30720K, used 16374K [0x11000000, 0x12e00000, 0x3bac0000)
  object space 30720K, 53% used [0x11000000,0x11ffd9c0,0x12e00000)
 Metaspace       used 26832K, capacity 27288K, committed 27308K, reserved 28032K
Event: 12.242 GC heap after
Heap after GC invocations=12 (full 2):
 PSYoungGen      total 169472K, used 0K [0x3bac0000, 0x47040000, 0x51000000)
  eden space 157696K, 0% used [0x3bac0000,0x3bac0000,0x454c0000)
  from space 11776K, 0% used [0x46000000,0x46000000,0x46b80000)
  to   space 11520K, 0% used [0x454c0000,0x454c0000,0x46000000)
 ParOldGen       total 41984K, used 16961K [0x11000000, 0x13900000, 0x3bac0000)
  object space 41984K, 40% used [0x11000000,0x12090480,0x13900000)
 Metaspace       used 26815K, capacity 27248K, committed 27308K, reserved 28032K
}
Event: 15.741 GC heap before
{Heap before GC invocations=13 (full 2):
 PSYoungGen      total 169472K, used 157696K [0x3bac0000, 0x47040000, 0x51000000)
  eden space 157696K, 100% used [0x3bac0000,0x454c0000,0x454c0000)
  from space 11776K, 0% used [0x46000000,0x46000000,0x46b80000)
  to   space 11520K, 0% used [0x454c0000,0x454c0000,0x46000000)
 ParOldGen       total 41984K, used 16961K [0x11000000, 0x13900000, 0x3bac0000)
  object space 41984K, 40% used [0x11000000,0x12090480,0x13900000)
 Metaspace       used 35141K, capacity 36020K, committed 36096K, reserved 36224K
Event: 15.764 GC heap after
Heap after GC invocations=13 (full 2):
 PSYoungGen      total 169216K, used 11518K [0x3bac0000, 0x4b3c0000, 0x51000000)
  eden space 157696K, 0% used [0x3bac0000,0x3bac0000,0x454c0000)
  from space 11520K, 99% used [0x454c0000,0x45fff9e0,0x46000000)
  to   space 15104K, 0% used [0x4a500000,0x4a500000,0x4b3c0000)
 ParOldGen       total 41984K, used 22284K [0x11000000, 0x13900000, 0x3bac0000)
  object space 41984K, 53% used [0x11000000,0x125c3198,0x13900000)
 Metaspace       used 35141K, capacity 36020K, committed 36096K, reserved 36224K
}
Event: 23.371 GC heap before
{Heap before GC invocations=14 (full 2):
 PSYoungGen      total 169216K, used 169214K [0x3bac0000, 0x4b3c0000, 0x51000000)
  eden space 157696K, 100% used [0x3bac0000,0x454c0000,0x454c0000)
  from space 11520K, 99% used [0x454c0000,0x45fff9e0,0x46000000)
  to   space 15104K, 0% used [0x4a500000,0x4a500000,0x4b3c0000)
 ParOldGen       total 41984K, used 22284K [0x11000000, 0x13900000, 0x3bac0000)
  object space 41984K, 53% used [0x11000000,0x125c3198,0x13900000)
 Metaspace       used 37564K, capacity 38550K, committed 38656K, reserved 39296K
Event: 23.420 GC heap after
Heap after GC invocations=14 (full 2):
 PSYoungGen      total 232704K, used 15090K [0x3bac0000, 0x4be40000, 0x51000000)
  eden space 217600K, 0% used [0x3bac0000,0x3bac0000,0x48f40000)
  from space 15104K, 99% used [0x4a500000,0x4b3bc8a0,0x4b3c0000)
  to   space 22272K, 0% used [0x48f40000,0x48f40000,0x4a500000)
 ParOldGen       total 41984K, used 35696K [0x11000000, 0x13900000, 0x3bac0000)
  object space 41984K, 85% used [0x11000000,0x132dc028,0x13900000)
 Metaspace       used 37564K, capacity 38550K, committed 38656K, reserved 39296K
}
Event: 23.420 GC heap before
{Heap before GC invocations=15 (full 3):
 PSYoungGen      total 232704K, used 15090K [0x3bac0000, 0x4be40000, 0x51000000)
  eden space 217600K, 0% used [0x3bac0000,0x3bac0000,0x48f40000)
  from space 15104K, 99% used [0x4a500000,0x4b3bc8a0,0x4b3c0000)
  to   space 22272K, 0% used [0x48f40000,0x48f40000,0x4a500000)
 ParOldGen       total 41984K, used 35696K [0x11000000, 0x13900000, 0x3bac0000)
  object space 41984K, 85% used [0x11000000,0x132dc028,0x13900000)
 Metaspace       used 37564K, capacity 38550K, committed 38656K, reserved 39296K
Event: 23.646 GC heap after
Heap after GC invocations=15 (full 3):
 PSYoungGen      total 232704K, used 1515K [0x3bac0000, 0x4be40000, 0x51000000)
  eden space 217600K, 0% used [0x3bac0000,0x3bac0000,0x48f40000)
  from space 15104K, 10% used [0x4a500000,0x4a67af60,0x4b3c0000)
  to   space 22272K, 0% used [0x48f40000,0x48f40000,0x4a500000)
 ParOldGen       total 77312K, used 41867K [0x11000000, 0x15b80000, 0x3bac0000)
  object space 77312K, 54% used [0x11000000,0x138e2c28,0x15b80000)
 Metaspace       used 37564K, capacity 38550K, committed 38656K, reserved 39296K
}

Deoptimization events (10 events):
Event: 36.699 Thread 0x550b9400 Uncommon trap: reason=bimorphic action=maybe_recompile pc=0x031a0b68 method=com.sun.org.apache.xerces.internal.dom.CoreDocumentImpl.isKidOK(Lorg/w3c/dom/Node;Lorg/w3c/dom/Node;)Z @ 39
Event: 36.699 Thread 0x550b9400 Uncommon trap: reason=bimorphic action=maybe_recompile pc=0x031a0b68 method=com.sun.org.apache.xerces.internal.dom.CoreDocumentImpl.isKidOK(Lorg/w3c/dom/Node;Lorg/w3c/dom/Node;)Z @ 39
Event: 36.699 Thread 0x550b9400 Uncommon trap: reason=bimorphic action=maybe_recompile pc=0x03154c9c method=com.sun.org.apache.xerces.internal.dom.ParentNode.checkNormalizationAfterInsert(Lcom/sun/org/apache/xerces/internal/dom/ChildNode;)V @ 23
Event: 36.699 Thread 0x550b9400 Uncommon trap: reason=bimorphic action=maybe_recompile pc=0x0319e1fc method=com.sun.org.apache.xerces.internal.dom.AttributeMap.setNamedItem(Lorg/w3c/dom/Node;)Lorg/w3c/dom/Node; @ 4
Event: 36.699 Thread 0x550b9400 Uncommon trap: reason=bimorphic action=maybe_recompile pc=0x031a0b68 method=com.sun.org.apache.xerces.internal.dom.CoreDocumentImpl.isKidOK(Lorg/w3c/dom/Node;Lorg/w3c/dom/Node;)Z @ 39
Event: 36.699 Thread 0x550b9400 Uncommon trap: reason=bimorphic action=maybe_recompile pc=0x03153eec method=com.sun.org.apache.xerces.internal.dom.CoreDocumentImpl.isKidOK(Lorg/w3c/dom/Node;Lorg/w3c/dom/Node;)Z @ 39
Event: 36.699 Thread 0x550b9400 Uncommon trap: reason=bimorphic action=maybe_recompile pc=0x03154c9c method=com.sun.org.apache.xerces.internal.dom.ParentNode.checkNormalizationAfterInsert(Lcom/sun/org/apache/xerces/internal/dom/ChildNode;)V @ 23
Event: 36.699 Thread 0x550b9400 Uncommon trap: reason=bimorphic action=maybe_recompile pc=0x03154c9c method=com.sun.org.apache.xerces.internal.dom.ParentNode.checkNormalizationAfterInsert(Lcom/sun/org/apache/xerces/internal/dom/ChildNode;)V @ 23
Event: 36.699 Thread 0x550b9400 Uncommon trap: reason=bimorphic action=maybe_recompile pc=0x03154c9c method=com.sun.org.apache.xerces.internal.dom.ParentNode.checkNormalizationAfterInsert(Lcom/sun/org/apache/xerces/internal/dom/ChildNode;)V @ 23
Event: 36.844 Thread 0x550b9400 Uncommon trap: reason=unstable_if action=reinterpret pc=0x0299bac4 method=com.sun.org.apache.xerces.internal.dom.NodeImpl.isOwned(Z)V @ 2

Internal exceptions (10 events):
Event: 32.571 Thread 0x55184400 Exception <a 'sun/nio/fs/WindowsException'> (0x449798c0) thrown at [D:\src\AOSP-openjdk-cygwin\jdk8u\hotspot\src\share\vm\prims\jni.cpp, line 709]
Event: 32.571 Thread 0x55184400 Exception <a 'sun/nio/fs/WindowsException'> (0x4497b2b8) thrown at [D:\src\AOSP-openjdk-cygwin\jdk8u\hotspot\src\share\vm\prims\jni.cpp, line 709]
Event: 32.571 Thread 0x55184400 Exception <a 'sun/nio/fs/WindowsException'> (0x4497bed8) thrown at [D:\src\AOSP-openjdk-cygwin\jdk8u\hotspot\src\share\vm\prims\jni.cpp, line 709]
Event: 33.096 Thread 0x550b9400 Exception <a 'java/lang/NoSuchMethodError': <clinit>> (0x454a1358) thrown at [D:\src\AOSP-openjdk-cygwin\jdk8u\hotspot\src\share\vm\prims\jni.cpp, line 1613]
Event: 33.097 Thread 0x550b9400 Exception <a 'java/lang/NoSuchMethodError': <clinit>> (0x454ab918) thrown at [D:\src\AOSP-openjdk-cygwin\jdk8u\hotspot\src\share\vm\prims\jni.cpp, line 1613]
Event: 33.229 Thread 0x550b9400 Exception <a 'java/lang/NoSuchMethodError': <clinit>> (0x45585478) thrown at [D:\src\AOSP-openjdk-cygwin\jdk8u\hotspot\src\share\vm\prims\jni.cpp, line 1613]
Event: 33.229 Thread 0x550b9400 Exception <a 'java/lang/NoSuchMethodError': <clinit>> (0x455972c0) thrown at [D:\src\AOSP-openjdk-cygwin\jdk8u\hotspot\src\share\vm\prims\jni.cpp, line 1613]
Event: 33.229 Thread 0x550b9400 Exception <a 'java/lang/NoSuchMethodError': <clinit>> (0x45598960) thrown at [D:\src\AOSP-openjdk-cygwin\jdk8u\hotspot\src\share\vm\prims\jni.cpp, line 1613]
Event: 34.830 Thread 0x550b9400 Implicit null exception at 0x02934c8e to 0x029355a5
Event: 37.005 Thread 0x550b9400 Exception <a 'java/lang/UnsatisfiedLinkError': com.android.tools.aapt2.Aapt2Jni.ping()V> (0x48718710) thrown at [D:\src\AOSP-openjdk-cygwin\jdk8u\hotspot\src\share\vm\prims\nativeLookup.cpp, line 378]

Events (10 events):
Event: 37.266 loading class com/android/tools/aapt2/Aapt2Result
Event: 37.266 loading class com/android/tools/aapt2/Aapt2Result done
Event: 37.268 loading class com/android/tools/aapt2/Aapt2Result$Builder
Event: 37.268 loading class com/android/tools/aapt2/Aapt2Result$Builder done
Event: 37.268 loading class com/android/tools/aapt2/AutoValue_Aapt2Result$Builder
Event: 37.268 loading class com/android/tools/aapt2/AutoValue_Aapt2Result$Builder done
Event: 37.268 Thread 0x53f34c00 flushing nmethod 0x0285e0c8
Event: 37.269 loading class com/android/tools/aapt2/AutoValue_Aapt2Result
Event: 37.269 loading class com/android/tools/aapt2/AutoValue_Aapt2Result done
Event: 37.269 Thread 0x53f34c00 flushing nmethod 0x0294c348


Dynamic libraries:
0x00d70000 - 0x00d9d000 	D:\as\android-studio\jre\bin\java.exe
0x773d0000 - 0x77512000 	C:\Windows\SYSTEM32\ntdll.dll
0x762f0000 - 0x763c5000 	C:\Windows\system32\kernel32.dll
0x75270000 - 0x752bb000 	C:\Windows\system32\KERNELBASE.dll
0x76a80000 - 0x76b21000 	C:\Windows\system32\ADVAPI32.dll
0x768b0000 - 0x7695c000 	C:\Windows\system32\msvcrt.dll
0x75360000 - 0x75379000 	C:\Windows\SYSTEM32\sechost.dll
0x77050000 - 0x770f2000 	C:\Windows\system32\RPCRT4.dll
0x76520000 - 0x765e9000 	C:\Windows\system32\USER32.dll
0x77300000 - 0x7734e000 	C:\Windows\system32\GDI32.dll
0x765f0000 - 0x765fa000 	C:\Windows\system32\LPK.dll
0x76de0000 - 0x76e7d000 	C:\Windows\system32\USP10.dll
0x73720000 - 0x738be000 	C:\Windows\WinSxS\x86_microsoft.windows.common-controls_6595b64144ccf1df_6.0.7601.18837_none_41e855142bd5705d\COMCTL32.dll
0x76d80000 - 0x76dd7000 	C:\Windows\system32\SHLWAPI.dll
0x76ee0000 - 0x76eff000 	C:\Windows\system32\IMM32.DLL
0x769b0000 - 0x76a7d000 	C:\Windows\system32\MSCTF.dll
0x58b30000 - 0x58bef000 	D:\as\android-studio\jre\jre\bin\msvcr100.dll
0x59070000 - 0x5964f000 	D:\as\android-studio\jre\jre\bin\server\jvm.dll
0x68b30000 - 0x68b37000 	C:\Windows\system32\WSOCK32.dll
0x77520000 - 0x77555000 	C:\Windows\system32\WS2_32.dll
0x75690000 - 0x75696000 	C:\Windows\system32\NSI.dll
0x74fe0000 - 0x75012000 	C:\Windows\system32\WINMM.dll
0x74310000 - 0x74319000 	C:\Windows\system32\VERSION.dll
0x76b30000 - 0x76b35000 	C:\Windows\system32\PSAPI.DLL
0x6ca40000 - 0x6ca4c000 	D:\as\android-studio\jre\jre\bin\verify.dll
0x62300000 - 0x62321000 	D:\as\android-studio\jre\jre\bin\java.dll
0x66ee0000 - 0x66ef3000 	D:\as\android-studio\jre\jre\bin\zip.dll
0x756a0000 - 0x762ec000 	C:\Windows\system32\SHELL32.dll
0x77100000 - 0x7725d000 	C:\Windows\system32\ole32.dll
0x74f90000 - 0x74f9b000 	C:\Windows\system32\profapi.dll
0x61f70000 - 0x61f86000 	D:\as\android-studio\jre\jre\bin\net.dll
0x74950000 - 0x7498c000 	C:\Windows\system32\mswsock.dll
0x74940000 - 0x74946000 	C:\Windows\System32\wship6.dll
0x70da0000 - 0x70daf000 	D:\as\android-studio\jre\jre\bin\nio.dll
0x71860000 - 0x71879000 	C:\Users\Administrator\.gradle\native\25\windows-i386\native-platform.dll
0x74990000 - 0x749a7000 	C:\Windows\system32\CRYPTSP.dll
0x74720000 - 0x7475b000 	C:\Windows\system32\rsaenh.dll
0x75080000 - 0x75097000 	C:\Windows\system32\USERENV.dll
0x74eb0000 - 0x74ebc000 	C:\Windows\system32\CRYPTBASE.dll
0x72260000 - 0x7227c000 	C:\Windows\system32\IPHLPAPI.DLL
0x72250000 - 0x72257000 	C:\Windows\system32\WINNSI.DLL
0x71b50000 - 0x71b5d000 	C:\Windows\system32\dhcpcsvc6.DLL
0x71d70000 - 0x71d82000 	C:\Windows\system32\dhcpcsvc.DLL
0x67020000 - 0x6702a000 	D:\as\android-studio\jre\jre\bin\management.dll
0x61d20000 - 0x61d40000 	D:\as\android-studio\jre\jre\bin\sunec.dll
0x743a0000 - 0x743a5000 	C:\Windows\System32\wshtcpip.dll
0x74810000 - 0x74854000 	C:\Windows\system32\DNSAPI.dll
0x6e190000 - 0x6e196000 	C:\Windows\system32\rasadhlp.dll
0x71bb0000 - 0x71be8000 	C:\Windows\System32\fwpuclnt.dll
0x66700000 - 0x66709000 	D:\as\android-studio\jre\jre\bin\sunmscapi.dll
0x75130000 - 0x75251000 	C:\Windows\system32\CRYPT32.dll
0x74fa0000 - 0x74fac000 	C:\Windows\system32\MSASN1.dll
0x64b40000 - 0x64b58000 	C:\Users\Administrator\AppData\Local\Temp\aapt2_5672601851890080676.dir\libwinpthread-1.dll
0x63940000 - 0x63be2000 	C:\Users\Administrator\AppData\Local\Temp\aapt2_5672601851890080676.dir\libaapt2_jni.dll
0x6e1f0000 - 0x6e2db000 	C:\Windows\system32\dbghelp.dll

VM Arguments:
jvm_args: -Xmx1024m -Dfile.encoding=GBK -Duser.country=CN -Duser.language=zh -Duser.variant 
java_command: org.gradle.launcher.daemon.bootstrap.GradleDaemon 4.0-rc-1
java_class_path (initial): C:\Users\Administrator\.gradle\wrapper\dists\gradle-4.0-rc-1-all\f2e4agya6jovmpf9txk9t7844\gradle-4.0-rc-1\lib\gradle-launcher-4.0.jar
Launcher Type: SUN_STANDARD

Environment Variables:
JAVA_HOME=D:\java\jdk1.8.0_131
CLASSPATH=.;D:\java\jdk1.8.0_131\lib\dt.jar;D:\java\jdk1.8.0_131\lib\tools.jar
PATH=C:\ProgramData\Oracle\Java\javapath;D:\as\Android\Sdk\tools;D:\as\Android\Sdk\platform-tools;D:\java\jdk1.8.0_131\bin;D:\java\jdk1.8.0_131\jre\bin;C:\Windows\system32;C:\Windows;C:\Windows\System32\Wbem;C:\Program Files\Microsoft SQL Server\120\Tools\Binn\;C:\Program Files\Git\cmd;C:\Program Files\GtkSharp\2.12\bin;C:\Program Files\TortoiseSVN\bin;D:\tomcat\apache-tomcat-9.0.0.M21\bin;D:\tomcat\apache-tomcat-9.0.0.M21\lib;;D:\vs_code\Microsoft VS Code\bin
USERNAME=Administrator
OS=Windows_NT
PROCESSOR_IDENTIFIER=x86 Family 6 Model 58 Stepping 9, GenuineIntel



---------------  S Y S T E M  ---------------

OS: Windows 7 Build 7601 (6.1.7601.23714)

CPU:total 4 (4 cores per cpu, 1 threads per core) family 6 model 58 stepping 9, cmov, cx8, fxsr, mmx, sse, sse2, sse3, ssse3, sse4.1, sse4.2, popcnt, avx, aes, clmul, erms, tsc, tscinvbit, tscinv

Memory: 4k page, physical 3649320k(276148k free), swap 7296924k(3482020k free)

vm_info: OpenJDK Server VM (25.112-b736) for windows-x86 JRE (1.8.0_112-release-736), built on Mar  6 2017 17:17:07 by "builder" with MS VC++ 10.0 (VS2010)

time: Mon Aug 14 10:13:26 2017
elapsed time: 37 seconds (0d 0h 0m 37s)

